{
  "stats": {
    "suites": 10,
    "tests": 38,
    "passes": 13,
    "pending": 25,
    "failures": 0,
    "start": "2020-11-16T04:10:50.179Z",
    "end": "2020-11-16T04:10:54.438Z",
    "duration": 4259,
    "testsRegistered": 38,
    "passPercent": 100,
    "pendingPercent": 65.78947368421053,
    "other": 0,
    "hasOther": false,
    "skipped": 0,
    "hasSkipped": false
  },
  "results": [
    {
      "uuid": "c5ab4a85-6705-4e7e-9680-2e31a54c9651",
      "title": "",
      "fullFile": "",
      "file": "",
      "beforeHooks": [
        {
          "title": "\"before all\" hook in \"{root}\"",
          "fullTitle": "\"before all\" hook in \"{root}\"",
          "timedOut": false,
          "duration": 928,
          "state": null,
          "speed": null,
          "pass": false,
          "fail": false,
          "pending": false,
          "context": null,
          "code": "zilliqa = new Zilliqa(network);\nnetwork_id = await zilliqa.network.GetNetworkId();\n// Check that we are using correct address\nzilliqa.wallet.addByPrivateKey(adminPrivateKey);\naddress = getAddressFromPrivateKey(adminPrivateKey).toLowerCase();\nconst addressCheck = addressEqual(address, adminAddress);\nexpect(addressCheck).to.be.true;\n// Check address has at least 100 ZIL\nconst bal_obj = await zilliqa.blockchain.getBalance(address);\nconst balance_BN = new BN(bal_obj.result.balance);\nconst min_amount_BN = units.toQa(100, units.Units.Zil);\nlet ok = balance_BN.gte(min_amount_BN);\nexpect(ok).to.be.true;\n// Read contract address\nok = false;\ntry {\n  code = fs.readFileSync('contracts/treasury.scilla', 'utf-8');\n  ok = true;\n} catch (err) {\n  throw err \n}\nexpect(ok).to.be.true;\n// Deploy the contract\nthis.timeout(timeout_deploy);\nthis.slow(timeout_deploy / 2);\nconst MSG_VERSION = 1;\nconst VERSION = bytes.pack(chain_id, MSG_VERSION);\nconst myGasPrice = units.toQa('1000', units.Units.Li);\nconst init = [\n  { vname: '_scilla_version', type: 'Uint32', value: '0'},\n  { vname: 'init_admin', type:  'ByStr20', value: address },\n  { vname: 'init_company', type:  'ByStr20', value: address },\n  { vname: 'proxy_address', type:  'ByStr20', value: address },\n  { vname: 'token_address', type:  'ByStr20', value: address },\n  { vname: 'base_value', type:  'Uint128', value: baseValue }\n];\nconst contract = zilliqa.contracts.new(code, init);\n[deployTx, treasury] = await contract.deploy({\n  version: VERSION,\n  gasPrice: myGasPrice,\n  gasLimit: Long.fromNumber(15000),\n});\nconsole.log(\"Deployed Contract Address =\", treasury.address);\nexpect(deployTx.txParams.receipt.success).to.be.true;\ntreasury_api = new TreasuryAPI(treasury, chain_id);\nexpect(treasury_api).be.instanceOf(TreasuryAPI);",
          "err": {},
          "uuid": "1fe17c2a-9ce4-46b6-8f17-36510a9773f8",
          "parentUUID": "c5ab4a85-6705-4e7e-9680-2e31a54c9651",
          "isHook": true,
          "skipped": false
        },
        {
          "title": "\"before each\" hook in \"{root}\"",
          "fullTitle": "\"before each\" hook in \"{root}\"",
          "timedOut": false,
          "duration": 159,
          "state": null,
          "speed": null,
          "pass": false,
          "fail": false,
          "pending": false,
          "context": null,
          "code": "//Reset admin\n  treasury_api.setSigningAddress(adminPrivateKey); //@todo - we need to read the current admin and do look up for private key\n  resp = await treasury_api.changeAdmin(adminAddress);\n  expect(resp.success).to.be.true;",
          "err": {},
          "uuid": "dfe52b71-7f26-4291-aa3b-c471cb0bacba",
          "parentUUID": "c5ab4a85-6705-4e7e-9680-2e31a54c9651",
          "isHook": true,
          "skipped": false
        }
      ],
      "afterHooks": [],
      "tests": [],
      "suites": [
        {
          "uuid": "ee763042-d774-4059-98bf-db7626f162b4",
          "title": "Treasury Smart Contract Tests",
          "fullFile": "/Users/adam/OFFICE/CRYPTO/GenesysLabs/Treasury/test/treasury.js",
          "file": "/test/treasury.js",
          "beforeHooks": [],
          "afterHooks": [],
          "tests": [],
          "suites": [
            {
              "uuid": "f64cd1ff-b5ff-4868-97bb-a10aa3e5a9f5",
              "title": "Connect to Zilliqa Blockchain",
              "fullFile": "/Users/adam/OFFICE/CRYPTO/GenesysLabs/Treasury/test/treasury.js",
              "file": "/test/treasury.js",
              "beforeHooks": [],
              "afterHooks": [],
              "tests": [
                {
                  "title": "should run on node version v10",
                  "fullTitle": "Treasury Smart Contract Tests Connect to Zilliqa Blockchain should run on node version v10",
                  "timedOut": false,
                  "duration": 0,
                  "state": "passed",
                  "speed": "fast",
                  "pass": true,
                  "fail": false,
                  "pending": false,
                  "context": null,
                  "code": "const node_version = process.version;\nconst nodeVersionCheck = (node_version.substring(0,4) == nodeVersion);\nexpect(nodeVersionCheck).to.be.true;",
                  "err": {},
                  "uuid": "2c61b6af-5b53-402a-ac46-8859b9fba3a2",
                  "parentUUID": "f64cd1ff-b5ff-4868-97bb-a10aa3e5a9f5",
                  "isHook": false,
                  "skipped": false
                },
                {
                  "title": "should connect to the blockchain and get the right chain_id",
                  "fullTitle": "Treasury Smart Contract Tests Connect to Zilliqa Blockchain should connect to the blockchain and get the right chain_id",
                  "timedOut": false,
                  "duration": 1,
                  "state": "passed",
                  "speed": "fast",
                  "pass": true,
                  "fail": false,
                  "pending": false,
                  "context": null,
                  "code": "const id = parseInt(network_id.result)\nexpect(id).to.equal(chain_id)",
                  "err": {},
                  "uuid": "0efe7309-c10b-4aef-ad6f-73714a6cfda6",
                  "parentUUID": "f64cd1ff-b5ff-4868-97bb-a10aa3e5a9f5",
                  "isHook": false,
                  "skipped": false
                }
              ],
              "suites": [],
              "passes": [
                "2c61b6af-5b53-402a-ac46-8859b9fba3a2",
                "0efe7309-c10b-4aef-ad6f-73714a6cfda6"
              ],
              "failures": [],
              "pending": [],
              "skipped": [],
              "duration": 1,
              "root": false,
              "rootEmpty": false,
              "_timeout": 2000
            },
            {
              "uuid": "3bb78452-2d7e-4015-8d59-1d7c4ecbbf9e",
              "title": "Deployment Checks",
              "fullFile": "/Users/adam/OFFICE/CRYPTO/GenesysLabs/Treasury/test/treasury.js",
              "file": "/test/treasury.js",
              "beforeHooks": [],
              "afterHooks": [],
              "tests": [
                {
                  "title": "should have correct admin address",
                  "fullTitle": "Treasury Smart Contract Tests Deployment Checks should have correct admin address",
                  "timedOut": false,
                  "duration": 11,
                  "state": "passed",
                  "speed": "fast",
                  "pass": true,
                  "fail": false,
                  "pending": false,
                  "context": null,
                  "code": "allState = await treasury.getState();\nexpect(allState.admin).to.equal(address)",
                  "err": {},
                  "uuid": "f86beaf7-2f60-4061-bbcf-57fc5c587246",
                  "parentUUID": "3bb78452-2d7e-4015-8d59-1d7c4ecbbf9e",
                  "isHook": false,
                  "skipped": false
                },
                {
                  "title": "should have correct company address",
                  "fullTitle": "Treasury Smart Contract Tests Deployment Checks should have correct company address",
                  "timedOut": false,
                  "duration": 0,
                  "state": "passed",
                  "speed": "fast",
                  "pass": true,
                  "fail": false,
                  "pending": false,
                  "context": null,
                  "code": "expect(allState.company).to.equal(address)",
                  "err": {},
                  "uuid": "ca1cf987-9c42-4a38-a649-05de42129599",
                  "parentUUID": "3bb78452-2d7e-4015-8d59-1d7c4ecbbf9e",
                  "isHook": false,
                  "skipped": false
                },
                {
                  "title": "should have correct base price",
                  "fullTitle": "Treasury Smart Contract Tests Deployment Checks should have correct base price",
                  "timedOut": false,
                  "duration": 6,
                  "state": "passed",
                  "speed": "fast",
                  "pass": true,
                  "fail": false,
                  "pending": false,
                  "context": null,
                  "code": "const bn_price = new BN(allState.token_price);\nexpect(bn_price).to.deep.equal(units.toQa(baseValue, units.Units.Zil))",
                  "err": {},
                  "uuid": "b28a0b94-e42c-4163-b27c-a73e21d8cc46",
                  "parentUUID": "3bb78452-2d7e-4015-8d59-1d7c4ecbbf9e",
                  "isHook": false,
                  "skipped": false
                },
                {
                  "title": "should be \"paused\" on contract creation",
                  "fullTitle": "Treasury Smart Contract Tests Deployment Checks should be \"paused\" on contract creation",
                  "timedOut": false,
                  "duration": 0,
                  "state": "passed",
                  "speed": "fast",
                  "pass": true,
                  "fail": false,
                  "pending": false,
                  "context": null,
                  "code": "expect(allState.paused.constructor).to.equal('True')",
                  "err": {},
                  "uuid": "d1e03eaa-2431-466a-a782-3070ba4a0849",
                  "parentUUID": "3bb78452-2d7e-4015-8d59-1d7c4ecbbf9e",
                  "isHook": false,
                  "skipped": false
                },
                {
                  "title": "should not be \"under funded\" on contract creation",
                  "fullTitle": "Treasury Smart Contract Tests Deployment Checks should not be \"under funded\" on contract creation",
                  "timedOut": false,
                  "duration": 0,
                  "state": "passed",
                  "speed": "fast",
                  "pass": true,
                  "fail": false,
                  "pending": false,
                  "context": null,
                  "code": "expect(allState.under_funded.constructor).to.equal('False')",
                  "err": {},
                  "uuid": "1c8c9284-ab77-421f-9f1a-d350fcfca057",
                  "parentUUID": "3bb78452-2d7e-4015-8d59-1d7c4ecbbf9e",
                  "isHook": false,
                  "skipped": false
                }
              ],
              "suites": [],
              "passes": [
                "f86beaf7-2f60-4061-bbcf-57fc5c587246",
                "ca1cf987-9c42-4a38-a649-05de42129599",
                "b28a0b94-e42c-4163-b27c-a73e21d8cc46",
                "d1e03eaa-2431-466a-a782-3070ba4a0849",
                "1c8c9284-ab77-421f-9f1a-d350fcfca057"
              ],
              "failures": [],
              "pending": [],
              "skipped": [],
              "duration": 17,
              "root": false,
              "rootEmpty": false,
              "_timeout": 2000
            },
            {
              "uuid": "79f47d13-df4f-47ef-922a-4e1e5f5c563e",
              "title": "Contract Tests",
              "fullFile": "/Users/adam/OFFICE/CRYPTO/GenesysLabs/Treasury/test/treasury.js",
              "file": "/test/treasury.js",
              "beforeHooks": [],
              "afterHooks": [],
              "tests": [],
              "suites": [
                {
                  "uuid": "028744ce-eaae-4c7d-9cb8-6bba75cdb5cf",
                  "title": "Management Functions",
                  "fullFile": "/Users/adam/OFFICE/CRYPTO/GenesysLabs/Treasury/test/treasury.js",
                  "file": "/test/treasury.js",
                  "beforeHooks": [],
                  "afterHooks": [],
                  "tests": [],
                  "suites": [
                    {
                      "uuid": "26f6e3e0-4dd2-4d29-9294-1457b14f7ffc",
                      "title": "Pausing Related Transitions",
                      "fullFile": "/Users/adam/OFFICE/CRYPTO/GenesysLabs/Treasury/test/treasury.js",
                      "file": "/test/treasury.js",
                      "beforeHooks": [],
                      "afterHooks": [],
                      "tests": [
                        {
                          "title": "should allow admin to unpause when paused",
                          "fullTitle": "Treasury Smart Contract Tests Contract Tests Management Functions Pausing Related Transitions should allow admin to unpause when paused",
                          "timedOut": false,
                          "duration": 102,
                          "state": "passed",
                          "speed": "fast",
                          "pass": true,
                          "fail": false,
                          "pending": false,
                          "context": null,
                          "code": "const receipt = await treasury_api.unpauseContract();\nexpect(receipt.success).to.be.true;",
                          "err": {},
                          "uuid": "f671d4ad-4b59-4ec3-8b40-2346dc0fd76e",
                          "parentUUID": "26f6e3e0-4dd2-4d29-9294-1457b14f7ffc",
                          "isHook": false,
                          "skipped": false
                        },
                        {
                          "title": "should allow admin to pause when unpaused",
                          "fullTitle": "Treasury Smart Contract Tests Contract Tests Management Functions Pausing Related Transitions should allow admin to pause when unpaused",
                          "timedOut": false,
                          "duration": 130,
                          "state": "passed",
                          "speed": "fast",
                          "pass": true,
                          "fail": false,
                          "pending": false,
                          "context": null,
                          "code": "const receipt = await treasury_api.pauseContract();\nexpect(receipt.success).to.be.true;",
                          "err": {},
                          "uuid": "c0c6ac9b-a707-4285-8fb0-888f07f4f1d0",
                          "parentUUID": "26f6e3e0-4dd2-4d29-9294-1457b14f7ffc",
                          "isHook": false,
                          "skipped": false
                        },
                        {
                          "title": "should not allow unpausing if not admin",
                          "fullTitle": "Treasury Smart Contract Tests Contract Tests Management Functions Pausing Related Transitions should not allow unpausing if not admin",
                          "timedOut": false,
                          "duration": 243,
                          "state": "passed",
                          "speed": "fast",
                          "pass": true,
                          "fail": false,
                          "pending": false,
                          "context": null,
                          "code": "exceptionCode = 'Int32 -1';\n          const receipt = await treasury_api.pauseContract();         //make sure it is paused first\n          expect(receipt.success).to.be.true;\n          \n          await treasury_api.setSigningAddress(nonAdminPrivateKey)    // change txn signer to non adming...\n          const receipt2 = await treasury_api.unpauseContract();      // ...and attempt to unpause\n          \n          checkException(receipt2, exceptionCode);\n          expect(receipt2.success).to.be.false;                       // txn should have failed",
                          "err": {},
                          "uuid": "9310af05-8b3d-4cf6-be33-b9f500d760ab",
                          "parentUUID": "26f6e3e0-4dd2-4d29-9294-1457b14f7ffc",
                          "isHook": false,
                          "skipped": false
                        },
                        {
                          "title": "should not allow pausing if not admin",
                          "fullTitle": "Treasury Smart Contract Tests Contract Tests Management Functions Pausing Related Transitions should not allow pausing if not admin",
                          "timedOut": false,
                          "duration": 232,
                          "state": "passed",
                          "speed": "fast",
                          "pass": true,
                          "fail": false,
                          "pending": false,
                          "context": null,
                          "code": "exceptionCode = 'Int32 -1';\nconst receipt = await treasury_api.unpauseContract();       //make sure it is unpaused first\nexpect(receipt.success).to.be.true;\n\nawait treasury_api.setSigningAddress(nonAdminPrivateKey)    // change txn signer to non adming...\nconst receipt2 = await treasury_api.pauseContract();        // ...and attempt to unpause\n\ncheckException(receipt2, exceptionCode);\nexpect(receipt2.success).to.be.false;                       // txn should have failed",
                          "err": {},
                          "uuid": "050c618b-f155-41f3-983c-ba60744a269a",
                          "parentUUID": "26f6e3e0-4dd2-4d29-9294-1457b14f7ffc",
                          "isHook": false,
                          "skipped": false
                        }
                      ],
                      "suites": [],
                      "passes": [
                        "f671d4ad-4b59-4ec3-8b40-2346dc0fd76e",
                        "c0c6ac9b-a707-4285-8fb0-888f07f4f1d0",
                        "9310af05-8b3d-4cf6-be33-b9f500d760ab",
                        "050c618b-f155-41f3-983c-ba60744a269a"
                      ],
                      "failures": [],
                      "pending": [],
                      "skipped": [],
                      "duration": 707,
                      "root": false,
                      "rootEmpty": false,
                      "_timeout": 100000
                    },
                    {
                      "uuid": "53e725c9-5d84-485c-96ad-3a9694969515",
                      "title": "Admin Related Transitions",
                      "fullFile": "/Users/adam/OFFICE/CRYPTO/GenesysLabs/Treasury/test/treasury.js",
                      "file": "/test/treasury.js",
                      "beforeHooks": [],
                      "afterHooks": [],
                      "tests": [
                        {
                          "title": "should allow admin to change admin",
                          "fullTitle": "Treasury Smart Contract Tests Contract Tests Management Functions Admin Related Transitions should allow admin to change admin",
                          "timedOut": false,
                          "duration": 275,
                          "state": "passed",
                          "speed": "fast",
                          "pass": true,
                          "fail": false,
                          "pending": false,
                          "context": null,
                          "code": "// test invalid address fails\n          const receipt1 = await treasury_api.changeAdmin(\"InvalidAddress\");\n          expect(receipt1.success).to.be.false;\n          // test valid address succeeds\n          const receipt2 = await treasury_api.changeAdmin(nonAdminAddress);\n          expect(receipt2.success).to.be.true; \n          //reset back to original admin\n          await treasury_api.setSigningAddress(nonAdminPrivateKey)          \n          const receipt3 = await treasury_api.changeAdmin(adminAddress);\n          expect(receipt3.success).to.be.true;",
                          "err": {},
                          "uuid": "8b1096a1-e93c-4a34-851e-5dfecf165dad",
                          "parentUUID": "53e725c9-5d84-485c-96ad-3a9694969515",
                          "isHook": false,
                          "skipped": false
                        },
                        {
                          "title": "should not allow changing admin if not admin",
                          "fullTitle": "Treasury Smart Contract Tests Contract Tests Management Functions Admin Related Transitions should not allow changing admin if not admin",
                          "timedOut": false,
                          "duration": 129,
                          "state": "passed",
                          "speed": "fast",
                          "pass": true,
                          "fail": false,
                          "pending": false,
                          "context": null,
                          "code": "exceptionCode = 'Int32 -1';          \n          await treasury_api.setSigningAddress(nonAdminPrivateKey)          // change txn signer to non admin...\n          const receipt2 = await treasury_api.changeAdmin(nonAdminAddress); // ...and attempt to change admin\n          //console.log(receipt2);\n          checkException(receipt2, exceptionCode);\n          \n          expect(receipt2.success).to.be.false;                             // txn should have failed",
                          "err": {},
                          "uuid": "257b043d-03ac-4a4f-b63b-6da38702aee5",
                          "parentUUID": "53e725c9-5d84-485c-96ad-3a9694969515",
                          "isHook": false,
                          "skipped": false
                        },
                        {
                          "title": "should allow admin to change company",
                          "fullTitle": "Treasury Smart Contract Tests Contract Tests Management Functions Admin Related Transitions should allow admin to change company",
                          "timedOut": false,
                          "duration": 0,
                          "state": "pending",
                          "speed": null,
                          "pass": false,
                          "fail": false,
                          "pending": true,
                          "context": null,
                          "code": "",
                          "err": {},
                          "uuid": "e4ca4e5d-4e45-4341-93c7-f38a1db22698",
                          "parentUUID": "53e725c9-5d84-485c-96ad-3a9694969515",
                          "isHook": false,
                          "skipped": false
                        },
                        {
                          "title": "should not allow changing company if not admin",
                          "fullTitle": "Treasury Smart Contract Tests Contract Tests Management Functions Admin Related Transitions should not allow changing company if not admin",
                          "timedOut": false,
                          "duration": 0,
                          "state": "pending",
                          "speed": null,
                          "pass": false,
                          "fail": false,
                          "pending": true,
                          "context": null,
                          "code": "",
                          "err": {},
                          "uuid": "aed9440e-7cee-4c8f-bcb1-e425dbb0e8a0",
                          "parentUUID": "53e725c9-5d84-485c-96ad-3a9694969515",
                          "isHook": false,
                          "skipped": false
                        }
                      ],
                      "suites": [],
                      "passes": [
                        "8b1096a1-e93c-4a34-851e-5dfecf165dad",
                        "257b043d-03ac-4a4f-b63b-6da38702aee5"
                      ],
                      "failures": [],
                      "pending": [
                        "e4ca4e5d-4e45-4341-93c7-f38a1db22698",
                        "aed9440e-7cee-4c8f-bcb1-e425dbb0e8a0"
                      ],
                      "skipped": [],
                      "duration": 404,
                      "root": false,
                      "rootEmpty": false,
                      "_timeout": 100000
                    },
                    {
                      "uuid": "76e9f3c8-2f62-45c9-acad-a4425b409ded",
                      "title": "Internal Functions",
                      "fullFile": "/Users/adam/OFFICE/CRYPTO/GenesysLabs/Treasury/test/treasury.js",
                      "file": "/test/treasury.js",
                      "beforeHooks": [],
                      "afterHooks": [],
                      "tests": [
                        {
                          "title": "should recalculate exchange rates when receiving ZIL that is not for buying tokens",
                          "fullTitle": "Treasury Smart Contract Tests Contract Tests Management Functions Internal Functions should recalculate exchange rates when receiving ZIL that is not for buying tokens",
                          "timedOut": false,
                          "duration": 0,
                          "state": "pending",
                          "speed": null,
                          "pass": false,
                          "fail": false,
                          "pending": true,
                          "context": null,
                          "code": "",
                          "err": {},
                          "uuid": "0cf715f4-58b7-4dc1-b09f-1b6a92070268",
                          "parentUUID": "76e9f3c8-2f62-45c9-acad-a4425b409ded",
                          "isHook": false,
                          "skipped": false
                        },
                        {
                          "title": "should recalculate exchange rates when receiving TOKENS that is not for paying invoice",
                          "fullTitle": "Treasury Smart Contract Tests Contract Tests Management Functions Internal Functions should recalculate exchange rates when receiving TOKENS that is not for paying invoice",
                          "timedOut": false,
                          "duration": 0,
                          "state": "pending",
                          "speed": null,
                          "pass": false,
                          "fail": false,
                          "pending": true,
                          "context": null,
                          "code": "",
                          "err": {},
                          "uuid": "7b6bffbd-571e-4aab-b6e4-4c3e232ddf54",
                          "parentUUID": "76e9f3c8-2f62-45c9-acad-a4425b409ded",
                          "isHook": false,
                          "skipped": false
                        }
                      ],
                      "suites": [],
                      "passes": [],
                      "failures": [],
                      "pending": [
                        "0cf715f4-58b7-4dc1-b09f-1b6a92070268",
                        "7b6bffbd-571e-4aab-b6e4-4c3e232ddf54"
                      ],
                      "skipped": [],
                      "duration": 0,
                      "root": false,
                      "rootEmpty": false,
                      "_timeout": 100000
                    },
                    {
                      "uuid": "dabaffec-01a1-40bc-b084-d5066176ec23",
                      "title": "Trading Features",
                      "fullFile": "/Users/adam/OFFICE/CRYPTO/GenesysLabs/Treasury/test/treasury.js",
                      "file": "/test/treasury.js",
                      "beforeHooks": [],
                      "afterHooks": [],
                      "tests": [
                        {
                          "title": "should not allow buying of tokens when paused",
                          "fullTitle": "Treasury Smart Contract Tests Contract Tests Management Functions Trading Features should not allow buying of tokens when paused",
                          "timedOut": false,
                          "duration": 0,
                          "state": "pending",
                          "speed": null,
                          "pass": false,
                          "fail": false,
                          "pending": true,
                          "context": null,
                          "code": "",
                          "err": {},
                          "uuid": "ced0e853-175d-43ce-8bc0-9f9f69f36414",
                          "parentUUID": "dabaffec-01a1-40bc-b084-d5066176ec23",
                          "isHook": false,
                          "skipped": false
                        },
                        {
                          "title": "should not allow selling of tokens when paused",
                          "fullTitle": "Treasury Smart Contract Tests Contract Tests Management Functions Trading Features should not allow selling of tokens when paused",
                          "timedOut": false,
                          "duration": 0,
                          "state": "pending",
                          "speed": null,
                          "pass": false,
                          "fail": false,
                          "pending": true,
                          "context": null,
                          "code": "",
                          "err": {},
                          "uuid": "73ff5b22-1ed6-48a2-8624-4c653098618b",
                          "parentUUID": "dabaffec-01a1-40bc-b084-d5066176ec23",
                          "isHook": false,
                          "skipped": false
                        },
                        {
                          "title": "should allow buying of tokens when unpaused",
                          "fullTitle": "Treasury Smart Contract Tests Contract Tests Management Functions Trading Features should allow buying of tokens when unpaused",
                          "timedOut": false,
                          "duration": 0,
                          "state": "pending",
                          "speed": null,
                          "pass": false,
                          "fail": false,
                          "pending": true,
                          "context": null,
                          "code": "",
                          "err": {},
                          "uuid": "ca4b5d73-58a7-481e-8068-c8f36c60d669",
                          "parentUUID": "dabaffec-01a1-40bc-b084-d5066176ec23",
                          "isHook": false,
                          "skipped": false
                        },
                        {
                          "title": "should allow selling of tokens when unpaused",
                          "fullTitle": "Treasury Smart Contract Tests Contract Tests Management Functions Trading Features should allow selling of tokens when unpaused",
                          "timedOut": false,
                          "duration": 0,
                          "state": "pending",
                          "speed": null,
                          "pass": false,
                          "fail": false,
                          "pending": true,
                          "context": null,
                          "code": "",
                          "err": {},
                          "uuid": "221b7edc-83d4-442d-8e62-7b3371e321cd",
                          "parentUUID": "dabaffec-01a1-40bc-b084-d5066176ec23",
                          "isHook": false,
                          "skipped": false
                        },
                        {
                          "title": "should not allow selling more tokens than you have",
                          "fullTitle": "Treasury Smart Contract Tests Contract Tests Management Functions Trading Features should not allow selling more tokens than you have",
                          "timedOut": false,
                          "duration": 0,
                          "state": "pending",
                          "speed": null,
                          "pass": false,
                          "fail": false,
                          "pending": true,
                          "context": null,
                          "code": "",
                          "err": {},
                          "uuid": "62cd282c-23b3-43e3-9ec4-89e2cd973c15",
                          "parentUUID": "dabaffec-01a1-40bc-b084-d5066176ec23",
                          "isHook": false,
                          "skipped": false
                        },
                        {
                          "title": "should issue correct amount of tokens when buying tokens with 1 ZIL",
                          "fullTitle": "Treasury Smart Contract Tests Contract Tests Management Functions Trading Features should issue correct amount of tokens when buying tokens with 1 ZIL",
                          "timedOut": false,
                          "duration": 0,
                          "state": "pending",
                          "speed": null,
                          "pass": false,
                          "fail": false,
                          "pending": true,
                          "context": null,
                          "code": "",
                          "err": {},
                          "uuid": "78bfbf86-939d-4cc6-9af4-eee48a9533c3",
                          "parentUUID": "dabaffec-01a1-40bc-b084-d5066176ec23",
                          "isHook": false,
                          "skipped": false
                        },
                        {
                          "title": "should send the correct amount of ZIL to you after selling tokens",
                          "fullTitle": "Treasury Smart Contract Tests Contract Tests Management Functions Trading Features should send the correct amount of ZIL to you after selling tokens",
                          "timedOut": false,
                          "duration": 0,
                          "state": "pending",
                          "speed": null,
                          "pass": false,
                          "fail": false,
                          "pending": true,
                          "context": null,
                          "code": "",
                          "err": {},
                          "uuid": "fb23af5a-a0b2-4af2-8ea7-6c87eb0b2098",
                          "parentUUID": "dabaffec-01a1-40bc-b084-d5066176ec23",
                          "isHook": false,
                          "skipped": false
                        }
                      ],
                      "suites": [],
                      "passes": [],
                      "failures": [],
                      "pending": [
                        "ced0e853-175d-43ce-8bc0-9f9f69f36414",
                        "73ff5b22-1ed6-48a2-8624-4c653098618b",
                        "ca4b5d73-58a7-481e-8068-c8f36c60d669",
                        "221b7edc-83d4-442d-8e62-7b3371e321cd",
                        "62cd282c-23b3-43e3-9ec4-89e2cd973c15",
                        "78bfbf86-939d-4cc6-9af4-eee48a9533c3",
                        "fb23af5a-a0b2-4af2-8ea7-6c87eb0b2098"
                      ],
                      "skipped": [],
                      "duration": 0,
                      "root": false,
                      "rootEmpty": false,
                      "_timeout": 100000
                    },
                    {
                      "uuid": "de44602b-c9a9-40c7-a3a9-e23f0c8ed772",
                      "title": "Invoicing Features",
                      "fullFile": "/Users/adam/OFFICE/CRYPTO/GenesysLabs/Treasury/test/treasury.js",
                      "file": "/test/treasury.js",
                      "beforeHooks": [],
                      "afterHooks": [],
                      "tests": [
                        {
                          "title": "should allow creating new invoice",
                          "fullTitle": "Treasury Smart Contract Tests Contract Tests Management Functions Invoicing Features should allow creating new invoice",
                          "timedOut": false,
                          "duration": 0,
                          "state": "pending",
                          "speed": null,
                          "pass": false,
                          "fail": false,
                          "pending": true,
                          "context": null,
                          "code": "",
                          "err": {},
                          "uuid": "d6ee0165-65fc-4914-8f69-ab9b28f6e62f",
                          "parentUUID": "de44602b-c9a9-40c7-a3a9-e23f0c8ed772",
                          "isHook": false,
                          "skipped": false
                        },
                        {
                          "title": "should only allow admin to cancel an invoice",
                          "fullTitle": "Treasury Smart Contract Tests Contract Tests Management Functions Invoicing Features should only allow admin to cancel an invoice",
                          "timedOut": false,
                          "duration": 0,
                          "state": "pending",
                          "speed": null,
                          "pass": false,
                          "fail": false,
                          "pending": true,
                          "context": null,
                          "code": "",
                          "err": {},
                          "uuid": "0ab5112a-e6e5-468e-8f92-436128d16e24",
                          "parentUUID": "de44602b-c9a9-40c7-a3a9-e23f0c8ed772",
                          "isHook": false,
                          "skipped": false
                        },
                        {
                          "title": "should error when trying to cancel an invoice that does not exist",
                          "fullTitle": "Treasury Smart Contract Tests Contract Tests Management Functions Invoicing Features should error when trying to cancel an invoice that does not exist",
                          "timedOut": false,
                          "duration": 0,
                          "state": "pending",
                          "speed": null,
                          "pass": false,
                          "fail": false,
                          "pending": true,
                          "context": null,
                          "code": "",
                          "err": {},
                          "uuid": "414f2f45-f545-4fa0-8ab3-457b7de1e4d3",
                          "parentUUID": "de44602b-c9a9-40c7-a3a9-e23f0c8ed772",
                          "isHook": false,
                          "skipped": false
                        },
                        {
                          "title": "should allow an invoice to be partially paid with tokens",
                          "fullTitle": "Treasury Smart Contract Tests Contract Tests Management Functions Invoicing Features should allow an invoice to be partially paid with tokens",
                          "timedOut": false,
                          "duration": 0,
                          "state": "pending",
                          "speed": null,
                          "pass": false,
                          "fail": false,
                          "pending": true,
                          "context": null,
                          "code": "",
                          "err": {},
                          "uuid": "6a413183-8b64-418e-b180-97dbadbe089a",
                          "parentUUID": "de44602b-c9a9-40c7-a3a9-e23f0c8ed772",
                          "isHook": false,
                          "skipped": false
                        },
                        {
                          "title": "should allow an invoice to be paid in full with tokens",
                          "fullTitle": "Treasury Smart Contract Tests Contract Tests Management Functions Invoicing Features should allow an invoice to be paid in full with tokens",
                          "timedOut": false,
                          "duration": 0,
                          "state": "pending",
                          "speed": null,
                          "pass": false,
                          "fail": false,
                          "pending": true,
                          "context": null,
                          "code": "",
                          "err": {},
                          "uuid": "09e4d9cc-f0f6-491d-a4f9-40aae32c6c55",
                          "parentUUID": "de44602b-c9a9-40c7-a3a9-e23f0c8ed772",
                          "isHook": false,
                          "skipped": false
                        },
                        {
                          "title": "should allow an invoice to be partially paid with ZIL",
                          "fullTitle": "Treasury Smart Contract Tests Contract Tests Management Functions Invoicing Features should allow an invoice to be partially paid with ZIL",
                          "timedOut": false,
                          "duration": 0,
                          "state": "pending",
                          "speed": null,
                          "pass": false,
                          "fail": false,
                          "pending": true,
                          "context": null,
                          "code": "",
                          "err": {},
                          "uuid": "0c908202-e60c-4d28-a232-6b7fd6cda318",
                          "parentUUID": "de44602b-c9a9-40c7-a3a9-e23f0c8ed772",
                          "isHook": false,
                          "skipped": false
                        },
                        {
                          "title": "should allow an invoice to be paid in full with ZIL",
                          "fullTitle": "Treasury Smart Contract Tests Contract Tests Management Functions Invoicing Features should allow an invoice to be paid in full with ZIL",
                          "timedOut": false,
                          "duration": 0,
                          "state": "pending",
                          "speed": null,
                          "pass": false,
                          "fail": false,
                          "pending": true,
                          "context": null,
                          "code": "",
                          "err": {},
                          "uuid": "fcfc554a-7c28-45d4-8752-fd96b93dddf8",
                          "parentUUID": "de44602b-c9a9-40c7-a3a9-e23f0c8ed772",
                          "isHook": false,
                          "skipped": false
                        },
                        {
                          "title": "should allow an invoice to be partially paid with combination of tokens and ZIL",
                          "fullTitle": "Treasury Smart Contract Tests Contract Tests Management Functions Invoicing Features should allow an invoice to be partially paid with combination of tokens and ZIL",
                          "timedOut": false,
                          "duration": 0,
                          "state": "pending",
                          "speed": null,
                          "pass": false,
                          "fail": false,
                          "pending": true,
                          "context": null,
                          "code": "",
                          "err": {},
                          "uuid": "037c3b61-224b-4dc2-864d-0f7c13157ea6",
                          "parentUUID": "de44602b-c9a9-40c7-a3a9-e23f0c8ed772",
                          "isHook": false,
                          "skipped": false
                        },
                        {
                          "title": "should allow an invoice to be paid in full with combination of tokens and ZIL",
                          "fullTitle": "Treasury Smart Contract Tests Contract Tests Management Functions Invoicing Features should allow an invoice to be paid in full with combination of tokens and ZIL",
                          "timedOut": false,
                          "duration": 0,
                          "state": "pending",
                          "speed": null,
                          "pass": false,
                          "fail": false,
                          "pending": true,
                          "context": null,
                          "code": "",
                          "err": {},
                          "uuid": "bd4946ee-b0f0-425b-8775-12a836dedc22",
                          "parentUUID": "de44602b-c9a9-40c7-a3a9-e23f0c8ed772",
                          "isHook": false,
                          "skipped": false
                        },
                        {
                          "title": "should issue new tokens if invoice is overpaid with ZIL",
                          "fullTitle": "Treasury Smart Contract Tests Contract Tests Management Functions Invoicing Features should issue new tokens if invoice is overpaid with ZIL",
                          "timedOut": false,
                          "duration": 0,
                          "state": "pending",
                          "speed": null,
                          "pass": false,
                          "fail": false,
                          "pending": true,
                          "context": null,
                          "code": "",
                          "err": {},
                          "uuid": "10382b47-7989-4f46-bc75-435b137ec6db",
                          "parentUUID": "de44602b-c9a9-40c7-a3a9-e23f0c8ed772",
                          "isHook": false,
                          "skipped": false
                        },
                        {
                          "title": "should allow an invoice to be overpaid with combination of tokens and ZIL",
                          "fullTitle": "Treasury Smart Contract Tests Contract Tests Management Functions Invoicing Features should allow an invoice to be overpaid with combination of tokens and ZIL",
                          "timedOut": false,
                          "duration": 0,
                          "state": "pending",
                          "speed": null,
                          "pass": false,
                          "fail": false,
                          "pending": true,
                          "context": null,
                          "code": "",
                          "err": {},
                          "uuid": "ed5f4565-a34f-4108-ba47-e5d59a1d1802",
                          "parentUUID": "de44602b-c9a9-40c7-a3a9-e23f0c8ed772",
                          "isHook": false,
                          "skipped": false
                        },
                        {
                          "title": "should allow multiple payments against an invoice",
                          "fullTitle": "Treasury Smart Contract Tests Contract Tests Management Functions Invoicing Features should allow multiple payments against an invoice",
                          "timedOut": false,
                          "duration": 0,
                          "state": "pending",
                          "speed": null,
                          "pass": false,
                          "fail": false,
                          "pending": true,
                          "context": null,
                          "code": "",
                          "err": {},
                          "uuid": "5dd65658-fd71-44d1-bfd3-f4111d23bd88",
                          "parentUUID": "de44602b-c9a9-40c7-a3a9-e23f0c8ed772",
                          "isHook": false,
                          "skipped": false
                        },
                        {
                          "title": "should only consume the correct amount of tokens when invoice is overpaid",
                          "fullTitle": "Treasury Smart Contract Tests Contract Tests Management Functions Invoicing Features should only consume the correct amount of tokens when invoice is overpaid",
                          "timedOut": false,
                          "duration": 0,
                          "state": "pending",
                          "speed": null,
                          "pass": false,
                          "fail": false,
                          "pending": true,
                          "context": null,
                          "code": "",
                          "err": {},
                          "uuid": "9ef95767-9c4f-4c0c-9a97-e39b320359d8",
                          "parentUUID": "de44602b-c9a9-40c7-a3a9-e23f0c8ed772",
                          "isHook": false,
                          "skipped": false
                        },
                        {
                          "title": "should not allow payments against fully paid invoices",
                          "fullTitle": "Treasury Smart Contract Tests Contract Tests Management Functions Invoicing Features should not allow payments against fully paid invoices",
                          "timedOut": false,
                          "duration": 0,
                          "state": "pending",
                          "speed": null,
                          "pass": false,
                          "fail": false,
                          "pending": true,
                          "context": null,
                          "code": "",
                          "err": {},
                          "uuid": "e8614003-1b21-4c20-a3d6-ea0ee5981009",
                          "parentUUID": "de44602b-c9a9-40c7-a3a9-e23f0c8ed772",
                          "isHook": false,
                          "skipped": false
                        }
                      ],
                      "suites": [],
                      "passes": [],
                      "failures": [],
                      "pending": [
                        "d6ee0165-65fc-4914-8f69-ab9b28f6e62f",
                        "0ab5112a-e6e5-468e-8f92-436128d16e24",
                        "414f2f45-f545-4fa0-8ab3-457b7de1e4d3",
                        "6a413183-8b64-418e-b180-97dbadbe089a",
                        "09e4d9cc-f0f6-491d-a4f9-40aae32c6c55",
                        "0c908202-e60c-4d28-a232-6b7fd6cda318",
                        "fcfc554a-7c28-45d4-8752-fd96b93dddf8",
                        "037c3b61-224b-4dc2-864d-0f7c13157ea6",
                        "bd4946ee-b0f0-425b-8775-12a836dedc22",
                        "10382b47-7989-4f46-bc75-435b137ec6db",
                        "ed5f4565-a34f-4108-ba47-e5d59a1d1802",
                        "5dd65658-fd71-44d1-bfd3-f4111d23bd88",
                        "9ef95767-9c4f-4c0c-9a97-e39b320359d8",
                        "e8614003-1b21-4c20-a3d6-ea0ee5981009"
                      ],
                      "skipped": [],
                      "duration": 0,
                      "root": false,
                      "rootEmpty": false,
                      "_timeout": 100000
                    }
                  ],
                  "passes": [],
                  "failures": [],
                  "pending": [],
                  "skipped": [],
                  "duration": 0,
                  "root": false,
                  "rootEmpty": false,
                  "_timeout": 100000
                }
              ],
              "passes": [],
              "failures": [],
              "pending": [],
              "skipped": [],
              "duration": 0,
              "root": false,
              "rootEmpty": false,
              "_timeout": 100000
            }
          ],
          "passes": [],
          "failures": [],
          "pending": [],
          "skipped": [],
          "duration": 0,
          "root": false,
          "rootEmpty": false,
          "_timeout": 2000
        }
      ],
      "passes": [],
      "failures": [],
      "pending": [],
      "skipped": [],
      "duration": 0,
      "root": true,
      "rootEmpty": true,
      "_timeout": 2000
    }
  ],
  "meta": {
    "mocha": {
      "version": "8.2.1"
    },
    "mochawesome": {
      "options": {
        "quiet": true,
        "reportFilename": "index",
        "saveHtml": true,
        "saveJson": true,
        "consoleReporter": "spec",
        "useInlineDiffs": false,
        "code": true
      },
      "version": "6.2.1"
    },
    "marge": {
      "options": {
        "quiet": "true",
        "reportFilename": "index"
      },
      "version": "5.1.0"
    }
  }
}