{
  "stats": {
    "suites": 7,
    "tests": 19,
    "passes": 6,
    "pending": 13,
    "failures": 0,
    "start": "2020-11-09T05:40:02.669Z",
    "end": "2020-11-09T05:40:03.329Z",
    "duration": 660,
    "testsRegistered": 19,
    "passPercent": 100,
    "pendingPercent": 68.42105263157895,
    "other": 0,
    "hasOther": false,
    "skipped": 0,
    "hasSkipped": false
  },
  "results": [
    {
      "uuid": "50393961-bb3c-4ce5-b54e-cce178a64fe7",
      "title": "",
      "fullFile": "",
      "file": "",
      "beforeHooks": [],
      "afterHooks": [],
      "tests": [],
      "suites": [
        {
          "uuid": "2608c7fe-af0c-41dd-8053-f78bd31b644a",
          "title": "Base Contract Tests",
          "fullFile": "/Users/adam/OFFICE/CRYPTO/GenesysLabs/Treasury/test/test.js",
          "file": "/test/test.js",
          "beforeHooks": [],
          "afterHooks": [],
          "tests": [],
          "suites": [
            {
              "uuid": "451acead-e591-4e88-8d6f-fdb65efbe3ed",
              "title": "Connect to Zilliqa Blockchain",
              "fullFile": "/Users/adam/OFFICE/CRYPTO/GenesysLabs/Treasury/test/test.js",
              "file": "/test/test.js",
              "beforeHooks": [],
              "afterHooks": [],
              "tests": [
                {
                  "title": "should run on node version v10",
                  "fullTitle": "Base Contract Tests Connect to Zilliqa Blockchain should run on node version v10",
                  "timedOut": false,
                  "duration": 2,
                  "state": "passed",
                  "speed": "fast",
                  "pass": true,
                  "fail": false,
                  "pending": false,
                  "context": null,
                  "code": "const node_version = process.version;\nconst ok = (node_version.substring(0,4) == 'v10.');\nexpect(ok).to.be.true;",
                  "err": {},
                  "uuid": "580c5400-5c13-4122-a52f-a41f86c15e4b",
                  "parentUUID": "451acead-e591-4e88-8d6f-fdb65efbe3ed",
                  "isHook": false,
                  "skipped": false
                },
                {
                  "title": "should connect to the blockchain and get the right chain_id",
                  "fullTitle": "Base Contract Tests Connect to Zilliqa Blockchain should connect to the blockchain and get the right chain_id",
                  "timedOut": false,
                  "duration": 98,
                  "state": "passed",
                  "speed": "slow",
                  "pass": true,
                  "fail": false,
                  "pending": false,
                  "context": null,
                  "code": "zilliqa = new Zilliqa(network);\nconst network_id = await zilliqa.network.GetNetworkId();\nconst id = parseInt(network_id.result)\nexpect(id).to.equal(chain_id)",
                  "err": {},
                  "uuid": "6cdaaa04-c874-49f5-84a8-e83d3659def0",
                  "parentUUID": "451acead-e591-4e88-8d6f-fdb65efbe3ed",
                  "isHook": false,
                  "skipped": false
                },
                {
                  "title": "should have the right test account",
                  "fullTitle": "Base Contract Tests Connect to Zilliqa Blockchain should have the right test account",
                  "timedOut": false,
                  "duration": 92,
                  "state": "passed",
                  "speed": "slow",
                  "pass": true,
                  "fail": false,
                  "pending": false,
                  "context": null,
                  "code": "zilliqa.wallet.addByPrivateKey(privateKey);\naddress = getAddressFromPrivateKey(privateKey).toLowerCase();\nconst ok = addressEqual(address, account_address);\nexpect(ok).to.be.true;",
                  "err": {},
                  "uuid": "af3ad49e-aa64-45b9-a274-589638e08c4e",
                  "parentUUID": "451acead-e591-4e88-8d6f-fdb65efbe3ed",
                  "isHook": false,
                  "skipped": false
                },
                {
                  "title": "should have at least 10 ZIL in the account",
                  "fullTitle": "Base Contract Tests Connect to Zilliqa Blockchain should have at least 10 ZIL in the account",
                  "timedOut": false,
                  "duration": 32,
                  "state": "passed",
                  "speed": "fast",
                  "pass": true,
                  "fail": false,
                  "pending": false,
                  "context": null,
                  "code": "const bal_obj = await zilliqa.blockchain.getBalance(address);\nconst balance_BN = new BN(bal_obj.result.balance);\nconst min_amount_BN = units.toQa(10, units.Units.Zil);\nconst ok = balance_BN.gte(min_amount_BN);\nexpect(ok).to.be.true;",
                  "err": {},
                  "uuid": "3a61cb13-e4c5-45da-b8bd-53a58e458187",
                  "parentUUID": "451acead-e591-4e88-8d6f-fdb65efbe3ed",
                  "isHook": false,
                  "skipped": false
                }
              ],
              "suites": [],
              "passes": [
                "580c5400-5c13-4122-a52f-a41f86c15e4b",
                "6cdaaa04-c874-49f5-84a8-e83d3659def0",
                "af3ad49e-aa64-45b9-a274-589638e08c4e",
                "3a61cb13-e4c5-45da-b8bd-53a58e458187"
              ],
              "failures": [],
              "pending": [],
              "skipped": [],
              "duration": 224,
              "root": false,
              "rootEmpty": false,
              "_timeout": 2000
            },
            {
              "uuid": "ed7de576-2351-4bfa-8df3-6f95a9633a0c",
              "title": "Deployment Checks",
              "fullFile": "/Users/adam/OFFICE/CRYPTO/GenesysLabs/Treasury/test/test.js",
              "file": "/test/test.js",
              "beforeHooks": [],
              "afterHooks": [],
              "tests": [
                {
                  "title": "should read contract source",
                  "fullTitle": "Base Contract Tests Deployment Checks should read contract source",
                  "timedOut": false,
                  "duration": 1,
                  "state": "passed",
                  "speed": "fast",
                  "pass": true,
                  "fail": false,
                  "pending": false,
                  "context": null,
                  "code": "let ok = false;\n      try {\n          code = fs.readFileSync('contracts/treasury.scilla', 'utf-8');\n          ok = true;\n      } catch (err) {\n        throw err\n      }\n      expect(ok).to.be.true;",
                  "err": {},
                  "uuid": "91f36828-4c59-4bdb-b7dd-1525785f8227",
                  "parentUUID": "ed7de576-2351-4bfa-8df3-6f95a9633a0c",
                  "isHook": false,
                  "skipped": false
                },
                {
                  "title": "should deploy the contract",
                  "fullTitle": "Base Contract Tests Deployment Checks should deploy the contract",
                  "timedOut": false,
                  "duration": 404,
                  "state": "passed",
                  "speed": "fast",
                  "pass": true,
                  "fail": false,
                  "pending": false,
                  "context": null,
                  "code": "this.timeout(timeout_deploy);\nthis.slow(timeout_deploy / 2);\nconst MSG_VERSION = 1;\nconst VERSION = bytes.pack(chain_id, MSG_VERSION);\nconst myGasPrice = units.toQa('1000', units.Units.Li);\n\n/*\n  init_admin : ByStr20,\n  init_company : ByStr20,\n  proxy_address : ByStr20,\n  token_address: ByStr20,\n  base_value: Uint256\n*/\nconst init = [\n  { vname: '_scilla_version', type: 'Uint32', value: '0'},\n  { vname: 'init_admin', type:  'ByStr20', value: address },\n  { vname: 'init_company', type:  'ByStr20', value: address },\n  { vname: 'proxy_address', type:  'ByStr20', value: address },\n  { vname: 'token_address', type:  'ByStr20', value: address },\n  { vname: 'base_value', type:  'Uint256', value: '1000' }\n];\nconst contract = zilliqa.contracts.new(code, init);\n[deployTx, treasury] = await contract.deploy({\n  version: VERSION,\n  gasPrice: myGasPrice,\n  gasLimit: Long.fromNumber(15000),\n});\n//console.log(deployTx);\nconsole.log(\"        contract address =\", treasury.address);\nexpect(deployTx.txParams.receipt.success).to.be.true;",
                  "err": {},
                  "uuid": "69452578-543d-4b55-ab2c-fb67aa07152f",
                  "parentUUID": "ed7de576-2351-4bfa-8df3-6f95a9633a0c",
                  "isHook": false,
                  "skipped": false
                },
                {
                  "title": "should have correct admin address",
                  "fullTitle": "Base Contract Tests Deployment Checks should have correct admin address",
                  "timedOut": false,
                  "duration": 0,
                  "state": "pending",
                  "speed": null,
                  "pass": false,
                  "fail": false,
                  "pending": true,
                  "context": null,
                  "code": "",
                  "err": {},
                  "uuid": "6a54e61a-7cf8-4c26-b37e-62cf324dc6ff",
                  "parentUUID": "ed7de576-2351-4bfa-8df3-6f95a9633a0c",
                  "isHook": false,
                  "skipped": false
                },
                {
                  "title": "should have correct company address",
                  "fullTitle": "Base Contract Tests Deployment Checks should have correct company address",
                  "timedOut": false,
                  "duration": 0,
                  "state": "pending",
                  "speed": null,
                  "pass": false,
                  "fail": false,
                  "pending": true,
                  "context": null,
                  "code": "",
                  "err": {},
                  "uuid": "f9eed9ff-04c8-402c-a8a8-59e260e76157",
                  "parentUUID": "ed7de576-2351-4bfa-8df3-6f95a9633a0c",
                  "isHook": false,
                  "skipped": false
                },
                {
                  "title": "should have correct base price",
                  "fullTitle": "Base Contract Tests Deployment Checks should have correct base price",
                  "timedOut": false,
                  "duration": 0,
                  "state": "pending",
                  "speed": null,
                  "pass": false,
                  "fail": false,
                  "pending": true,
                  "context": null,
                  "code": "",
                  "err": {},
                  "uuid": "757bbce4-8de9-4512-a4d1-9c508b1bd2ec",
                  "parentUUID": "ed7de576-2351-4bfa-8df3-6f95a9633a0c",
                  "isHook": false,
                  "skipped": false
                },
                {
                  "title": "should be \"paused\" on contract creation",
                  "fullTitle": "Base Contract Tests Deployment Checks should be \"paused\" on contract creation",
                  "timedOut": false,
                  "duration": 0,
                  "state": "pending",
                  "speed": null,
                  "pass": false,
                  "fail": false,
                  "pending": true,
                  "context": null,
                  "code": "",
                  "err": {},
                  "uuid": "854e41c3-161b-4c5e-94bc-d8a2ad17d02c",
                  "parentUUID": "ed7de576-2351-4bfa-8df3-6f95a9633a0c",
                  "isHook": false,
                  "skipped": false
                },
                {
                  "title": "should not be \"under funded\" on contract creation",
                  "fullTitle": "Base Contract Tests Deployment Checks should not be \"under funded\" on contract creation",
                  "timedOut": false,
                  "duration": 0,
                  "state": "pending",
                  "speed": null,
                  "pass": false,
                  "fail": false,
                  "pending": true,
                  "context": null,
                  "code": "",
                  "err": {},
                  "uuid": "12566c59-7002-4578-bb83-facaca187d4b",
                  "parentUUID": "ed7de576-2351-4bfa-8df3-6f95a9633a0c",
                  "isHook": false,
                  "skipped": false
                }
              ],
              "suites": [],
              "passes": [
                "91f36828-4c59-4bdb-b7dd-1525785f8227",
                "69452578-543d-4b55-ab2c-fb67aa07152f"
              ],
              "failures": [],
              "pending": [
                "6a54e61a-7cf8-4c26-b37e-62cf324dc6ff",
                "f9eed9ff-04c8-402c-a8a8-59e260e76157",
                "757bbce4-8de9-4512-a4d1-9c508b1bd2ec",
                "854e41c3-161b-4c5e-94bc-d8a2ad17d02c",
                "12566c59-7002-4578-bb83-facaca187d4b"
              ],
              "skipped": [],
              "duration": 405,
              "root": false,
              "rootEmpty": false,
              "_timeout": 2000
            }
          ],
          "passes": [],
          "failures": [],
          "pending": [],
          "skipped": [],
          "duration": 0,
          "root": false,
          "rootEmpty": false,
          "_timeout": 2000
        },
        {
          "uuid": "5603e956-e6c2-441f-9cb7-9d9d83565e15",
          "title": "Contract Tests",
          "fullFile": "/Users/adam/OFFICE/CRYPTO/GenesysLabs/Treasury/test/test.js",
          "file": "/test/test.js",
          "beforeHooks": [],
          "afterHooks": [],
          "tests": [],
          "suites": [
            {
              "uuid": "b4bdf82a-be35-4eef-9f3b-73a2de39df64",
              "title": "Management Functions",
              "fullFile": "/Users/adam/OFFICE/CRYPTO/GenesysLabs/Treasury/test/test.js",
              "file": "/test/test.js",
              "beforeHooks": [],
              "afterHooks": [],
              "tests": [],
              "suites": [
                {
                  "uuid": "bef1e361-6d02-4eb5-8e2d-e3e70d86def4",
                  "title": "Pausing Related Transitions",
                  "fullFile": "/Users/adam/OFFICE/CRYPTO/GenesysLabs/Treasury/test/test.js",
                  "file": "/test/test.js",
                  "beforeHooks": [],
                  "afterHooks": [],
                  "tests": [
                    {
                      "title": "should only allow admin to pause when unpaused",
                      "fullTitle": "Contract Tests Management Functions Pausing Related Transitions should only allow admin to pause when unpaused",
                      "timedOut": false,
                      "duration": 0,
                      "state": "pending",
                      "speed": null,
                      "pass": false,
                      "fail": false,
                      "pending": true,
                      "context": null,
                      "code": "",
                      "err": {},
                      "uuid": "23a1a0eb-e487-411b-898f-6953675c1d24",
                      "parentUUID": "bef1e361-6d02-4eb5-8e2d-e3e70d86def4",
                      "isHook": false,
                      "skipped": false
                    },
                    {
                      "title": "should only allow admin to unpause when paused",
                      "fullTitle": "Contract Tests Management Functions Pausing Related Transitions should only allow admin to unpause when paused",
                      "timedOut": false,
                      "duration": 0,
                      "state": "pending",
                      "speed": null,
                      "pass": false,
                      "fail": false,
                      "pending": true,
                      "context": null,
                      "code": "",
                      "err": {},
                      "uuid": "b5a96b36-788b-4849-b6fc-777c4233140a",
                      "parentUUID": "bef1e361-6d02-4eb5-8e2d-e3e70d86def4",
                      "isHook": false,
                      "skipped": false
                    },
                    {
                      "title": "should not only pausing if not admin",
                      "fullTitle": "Contract Tests Management Functions Pausing Related Transitions should not only pausing if not admin",
                      "timedOut": false,
                      "duration": 0,
                      "state": "pending",
                      "speed": null,
                      "pass": false,
                      "fail": false,
                      "pending": true,
                      "context": null,
                      "code": "",
                      "err": {},
                      "uuid": "48ce73b8-c162-48cd-9205-544c4756870f",
                      "parentUUID": "bef1e361-6d02-4eb5-8e2d-e3e70d86def4",
                      "isHook": false,
                      "skipped": false
                    },
                    {
                      "title": "should not only unpausing if not admin",
                      "fullTitle": "Contract Tests Management Functions Pausing Related Transitions should not only unpausing if not admin",
                      "timedOut": false,
                      "duration": 0,
                      "state": "pending",
                      "speed": null,
                      "pass": false,
                      "fail": false,
                      "pending": true,
                      "context": null,
                      "code": "",
                      "err": {},
                      "uuid": "76d69f3f-2c1c-4ef3-8890-59de33ec9dec",
                      "parentUUID": "bef1e361-6d02-4eb5-8e2d-e3e70d86def4",
                      "isHook": false,
                      "skipped": false
                    }
                  ],
                  "suites": [],
                  "passes": [],
                  "failures": [],
                  "pending": [
                    "23a1a0eb-e487-411b-898f-6953675c1d24",
                    "b5a96b36-788b-4849-b6fc-777c4233140a",
                    "48ce73b8-c162-48cd-9205-544c4756870f",
                    "76d69f3f-2c1c-4ef3-8890-59de33ec9dec"
                  ],
                  "skipped": [],
                  "duration": 0,
                  "root": false,
                  "rootEmpty": false,
                  "_timeout": 2000
                },
                {
                  "uuid": "d3563c08-63ba-442c-9990-a68814481f9b",
                  "title": "Admin Related Transitions",
                  "fullFile": "/Users/adam/OFFICE/CRYPTO/GenesysLabs/Treasury/test/test.js",
                  "file": "/test/test.js",
                  "beforeHooks": [],
                  "afterHooks": [],
                  "tests": [
                    {
                      "title": "should allow admin to change admin",
                      "fullTitle": "Contract Tests Management Functions Admin Related Transitions should allow admin to change admin",
                      "timedOut": false,
                      "duration": 0,
                      "state": "pending",
                      "speed": null,
                      "pass": false,
                      "fail": false,
                      "pending": true,
                      "context": null,
                      "code": "",
                      "err": {},
                      "uuid": "6f9c2a13-5915-460c-a217-110796148889",
                      "parentUUID": "d3563c08-63ba-442c-9990-a68814481f9b",
                      "isHook": false,
                      "skipped": false
                    },
                    {
                      "title": "should not allow changing admin if not admin",
                      "fullTitle": "Contract Tests Management Functions Admin Related Transitions should not allow changing admin if not admin",
                      "timedOut": false,
                      "duration": 0,
                      "state": "pending",
                      "speed": null,
                      "pass": false,
                      "fail": false,
                      "pending": true,
                      "context": null,
                      "code": "",
                      "err": {},
                      "uuid": "430fc461-ea6e-42c6-8cda-3a59f9790b65",
                      "parentUUID": "d3563c08-63ba-442c-9990-a68814481f9b",
                      "isHook": false,
                      "skipped": false
                    },
                    {
                      "title": "should allow admin to change company",
                      "fullTitle": "Contract Tests Management Functions Admin Related Transitions should allow admin to change company",
                      "timedOut": false,
                      "duration": 0,
                      "state": "pending",
                      "speed": null,
                      "pass": false,
                      "fail": false,
                      "pending": true,
                      "context": null,
                      "code": "",
                      "err": {},
                      "uuid": "b78c9925-4029-4ca8-97ec-1343ed2675d7",
                      "parentUUID": "d3563c08-63ba-442c-9990-a68814481f9b",
                      "isHook": false,
                      "skipped": false
                    },
                    {
                      "title": "should not allow changing company if not admin",
                      "fullTitle": "Contract Tests Management Functions Admin Related Transitions should not allow changing company if not admin",
                      "timedOut": false,
                      "duration": 0,
                      "state": "pending",
                      "speed": null,
                      "pass": false,
                      "fail": false,
                      "pending": true,
                      "context": null,
                      "code": "",
                      "err": {},
                      "uuid": "8d7755ec-b093-44a7-b4e9-db43dab69b1c",
                      "parentUUID": "d3563c08-63ba-442c-9990-a68814481f9b",
                      "isHook": false,
                      "skipped": false
                    }
                  ],
                  "suites": [],
                  "passes": [],
                  "failures": [],
                  "pending": [
                    "6f9c2a13-5915-460c-a217-110796148889",
                    "430fc461-ea6e-42c6-8cda-3a59f9790b65",
                    "b78c9925-4029-4ca8-97ec-1343ed2675d7",
                    "8d7755ec-b093-44a7-b4e9-db43dab69b1c"
                  ],
                  "skipped": [],
                  "duration": 0,
                  "root": false,
                  "rootEmpty": false,
                  "_timeout": 2000
                }
              ],
              "passes": [],
              "failures": [],
              "pending": [],
              "skipped": [],
              "duration": 0,
              "root": false,
              "rootEmpty": false,
              "_timeout": 2000
            }
          ],
          "passes": [],
          "failures": [],
          "pending": [],
          "skipped": [],
          "duration": 0,
          "root": false,
          "rootEmpty": false,
          "_timeout": 2000
        }
      ],
      "passes": [],
      "failures": [],
      "pending": [],
      "skipped": [],
      "duration": 0,
      "root": true,
      "rootEmpty": true,
      "_timeout": 2000
    }
  ],
  "meta": {
    "mocha": {
      "version": "8.2.1"
    },
    "mochawesome": {
      "options": {
        "quiet": true,
        "reportFilename": "mochawesome",
        "saveHtml": true,
        "saveJson": true,
        "consoleReporter": "spec",
        "useInlineDiffs": false,
        "code": true
      },
      "version": "6.2.1"
    },
    "marge": {
      "options": {
        "quiet": "true"
      },
      "version": "5.1.0"
    }
  }
}