{
  "stats": {
    "suites": 7,
    "tests": 20,
    "passes": 5,
    "pending": 15,
    "failures": 0,
    "start": "2020-11-08T22:36:07.871Z",
    "end": "2020-11-08T22:36:09.804Z",
    "duration": 1933,
    "testsRegistered": 20,
    "passPercent": 100,
    "pendingPercent": 75,
    "other": 0,
    "hasOther": false,
    "skipped": 0,
    "hasSkipped": false
  },
  "results": [
    {
      "uuid": "63079e36-0d91-4fdb-9dd7-c48e49f51440",
      "title": "",
      "fullFile": "",
      "file": "",
      "beforeHooks": [],
      "afterHooks": [],
      "tests": [],
      "suites": [
        {
          "uuid": "5adbd1c0-f9c5-43c7-8661-5c633a0c2c87",
          "title": "Base Contract Tests",
          "fullFile": "/Users/adam/OFFICE/CRYPTO/GenesysLabs/Treasury/test/test.js",
          "file": "/test/test.js",
          "beforeHooks": [],
          "afterHooks": [],
          "tests": [],
          "suites": [
            {
              "uuid": "62d6b294-0eda-4beb-bcca-7e439e60c4f2",
              "title": "Connect to Zilliqa Blockchain",
              "fullFile": "/Users/adam/OFFICE/CRYPTO/GenesysLabs/Treasury/test/test.js",
              "file": "/test/test.js",
              "beforeHooks": [],
              "afterHooks": [],
              "tests": [
                {
                  "title": "should run on node version v10",
                  "fullTitle": "Base Contract Tests Connect to Zilliqa Blockchain should run on node version v10",
                  "timedOut": false,
                  "duration": 1,
                  "state": "passed",
                  "speed": "fast",
                  "pass": true,
                  "fail": false,
                  "pending": false,
                  "context": null,
                  "code": "const node_version = process.version;\nconst ok = (node_version.substring(0,4) == 'v10.');\nexpect(ok).to.be.true;",
                  "err": {},
                  "uuid": "846f7d91-bbaf-4b20-adb2-ac4959d32cf5",
                  "parentUUID": "62d6b294-0eda-4beb-bcca-7e439e60c4f2",
                  "isHook": false,
                  "skipped": false
                },
                {
                  "title": "should connect to the blockchain and get the right chain_id",
                  "fullTitle": "Base Contract Tests Connect to Zilliqa Blockchain should connect to the blockchain and get the right chain_id",
                  "timedOut": false,
                  "duration": 1075,
                  "state": "passed",
                  "speed": "slow",
                  "pass": true,
                  "fail": false,
                  "pending": false,
                  "context": null,
                  "code": "zilliqa = new Zilliqa(network);\nconst network_id = await zilliqa.network.GetNetworkId();\nconst id = parseInt(network_id.result)\nexpect(id).to.equal(chain_id)",
                  "err": {},
                  "uuid": "92fa67ac-1a51-4917-9ca9-c94f9dc295d8",
                  "parentUUID": "62d6b294-0eda-4beb-bcca-7e439e60c4f2",
                  "isHook": false,
                  "skipped": false
                },
                {
                  "title": "should have the right test account",
                  "fullTitle": "Base Contract Tests Connect to Zilliqa Blockchain should have the right test account",
                  "timedOut": false,
                  "duration": 57,
                  "state": "passed",
                  "speed": "medium",
                  "pass": true,
                  "fail": false,
                  "pending": false,
                  "context": null,
                  "code": "zilliqa.wallet.addByPrivateKey(privateKey);\naddress = getAddressFromPrivateKey(privateKey).toLowerCase();\nconst ok = addressEqual(address, account_address);\nexpect(ok).to.be.true;",
                  "err": {},
                  "uuid": "8b4e75ef-e5c6-47bf-9346-5a50995d0a6c",
                  "parentUUID": "62d6b294-0eda-4beb-bcca-7e439e60c4f2",
                  "isHook": false,
                  "skipped": false
                },
                {
                  "title": "should have at least 10 ZIL in the account",
                  "fullTitle": "Base Contract Tests Connect to Zilliqa Blockchain should have at least 10 ZIL in the account",
                  "timedOut": false,
                  "duration": 736,
                  "state": "passed",
                  "speed": "slow",
                  "pass": true,
                  "fail": false,
                  "pending": false,
                  "context": null,
                  "code": "const bal_obj = await zilliqa.blockchain.getBalance(address);\nconst balance_BN = new BN(bal_obj.result.balance);\nconst min_amount_BN = units.toQa(10, units.Units.Zil);\nconst ok = balance_BN.gte(min_amount_BN);\nexpect(ok).to.be.true;",
                  "err": {},
                  "uuid": "e74968db-9f21-41bf-b17b-1679340099b6",
                  "parentUUID": "62d6b294-0eda-4beb-bcca-7e439e60c4f2",
                  "isHook": false,
                  "skipped": false
                }
              ],
              "suites": [],
              "passes": [
                "846f7d91-bbaf-4b20-adb2-ac4959d32cf5",
                "92fa67ac-1a51-4917-9ca9-c94f9dc295d8",
                "8b4e75ef-e5c6-47bf-9346-5a50995d0a6c",
                "e74968db-9f21-41bf-b17b-1679340099b6"
              ],
              "failures": [],
              "pending": [],
              "skipped": [],
              "duration": 1869,
              "root": false,
              "rootEmpty": false,
              "_timeout": 2000
            },
            {
              "uuid": "47c4a417-d818-41b9-ab63-ae7cd0616f9c",
              "title": "Deployment Checks",
              "fullFile": "/Users/adam/OFFICE/CRYPTO/GenesysLabs/Treasury/test/test.js",
              "file": "/test/test.js",
              "beforeHooks": [],
              "afterHooks": [],
              "tests": [
                {
                  "title": "should read contract source",
                  "fullTitle": "Base Contract Tests Deployment Checks should read contract source",
                  "timedOut": false,
                  "duration": 11,
                  "state": "passed",
                  "speed": "fast",
                  "pass": true,
                  "fail": false,
                  "pending": false,
                  "context": null,
                  "code": "let ok = false;\n      try {\n          code = fs.readFileSync('contracts/treasury.scilla', 'utf-8');\n          ok = true;\n      } catch (err) {\n        throw err\n      }\n      expect(ok).to.be.true;\n      console.log(code);",
                  "err": {},
                  "uuid": "6d6ee736-c4f4-44ed-b83a-9c28b3edc319",
                  "parentUUID": "47c4a417-d818-41b9-ab63-ae7cd0616f9c",
                  "isHook": false,
                  "skipped": false
                },
                {
                  "title": "should deploy the contract",
                  "fullTitle": "Base Contract Tests Deployment Checks should deploy the contract",
                  "timedOut": false,
                  "duration": 0,
                  "state": "pending",
                  "speed": null,
                  "pass": false,
                  "fail": false,
                  "pending": true,
                  "context": null,
                  "code": "",
                  "err": {},
                  "uuid": "1a40ec04-942c-4134-b41b-2467225f1463",
                  "parentUUID": "47c4a417-d818-41b9-ab63-ae7cd0616f9c",
                  "isHook": false,
                  "skipped": false
                },
                {
                  "title": "should have an address",
                  "fullTitle": "Base Contract Tests Deployment Checks should have an address",
                  "timedOut": false,
                  "duration": 0,
                  "state": "pending",
                  "speed": null,
                  "pass": false,
                  "fail": false,
                  "pending": true,
                  "context": null,
                  "code": "",
                  "err": {},
                  "uuid": "86025e2f-56d8-4550-9dfa-fb7e50e26d2f",
                  "parentUUID": "47c4a417-d818-41b9-ab63-ae7cd0616f9c",
                  "isHook": false,
                  "skipped": false
                },
                {
                  "title": "should have correct admin address",
                  "fullTitle": "Base Contract Tests Deployment Checks should have correct admin address",
                  "timedOut": false,
                  "duration": 0,
                  "state": "pending",
                  "speed": null,
                  "pass": false,
                  "fail": false,
                  "pending": true,
                  "context": null,
                  "code": "",
                  "err": {},
                  "uuid": "aa0ef954-6449-4211-9b08-5a50e844bef7",
                  "parentUUID": "47c4a417-d818-41b9-ab63-ae7cd0616f9c",
                  "isHook": false,
                  "skipped": false
                },
                {
                  "title": "should have correct company address",
                  "fullTitle": "Base Contract Tests Deployment Checks should have correct company address",
                  "timedOut": false,
                  "duration": 0,
                  "state": "pending",
                  "speed": null,
                  "pass": false,
                  "fail": false,
                  "pending": true,
                  "context": null,
                  "code": "",
                  "err": {},
                  "uuid": "ed702e3d-0fe5-4eb5-82e0-05e1b6c66be0",
                  "parentUUID": "47c4a417-d818-41b9-ab63-ae7cd0616f9c",
                  "isHook": false,
                  "skipped": false
                },
                {
                  "title": "should have correct base price",
                  "fullTitle": "Base Contract Tests Deployment Checks should have correct base price",
                  "timedOut": false,
                  "duration": 0,
                  "state": "pending",
                  "speed": null,
                  "pass": false,
                  "fail": false,
                  "pending": true,
                  "context": null,
                  "code": "",
                  "err": {},
                  "uuid": "273acc3a-afa4-4e8a-86cc-b0e56a960534",
                  "parentUUID": "47c4a417-d818-41b9-ab63-ae7cd0616f9c",
                  "isHook": false,
                  "skipped": false
                },
                {
                  "title": "should be \"paused\" on contract creation",
                  "fullTitle": "Base Contract Tests Deployment Checks should be \"paused\" on contract creation",
                  "timedOut": false,
                  "duration": 0,
                  "state": "pending",
                  "speed": null,
                  "pass": false,
                  "fail": false,
                  "pending": true,
                  "context": null,
                  "code": "",
                  "err": {},
                  "uuid": "9af1c207-4e16-4295-b027-566c9534b86d",
                  "parentUUID": "47c4a417-d818-41b9-ab63-ae7cd0616f9c",
                  "isHook": false,
                  "skipped": false
                },
                {
                  "title": "should not be \"under funded\" on contract creation",
                  "fullTitle": "Base Contract Tests Deployment Checks should not be \"under funded\" on contract creation",
                  "timedOut": false,
                  "duration": 0,
                  "state": "pending",
                  "speed": null,
                  "pass": false,
                  "fail": false,
                  "pending": true,
                  "context": null,
                  "code": "",
                  "err": {},
                  "uuid": "8dbfe956-065a-4322-973f-5f165b6d2eb6",
                  "parentUUID": "47c4a417-d818-41b9-ab63-ae7cd0616f9c",
                  "isHook": false,
                  "skipped": false
                }
              ],
              "suites": [],
              "passes": [
                "6d6ee736-c4f4-44ed-b83a-9c28b3edc319"
              ],
              "failures": [],
              "pending": [
                "1a40ec04-942c-4134-b41b-2467225f1463",
                "86025e2f-56d8-4550-9dfa-fb7e50e26d2f",
                "aa0ef954-6449-4211-9b08-5a50e844bef7",
                "ed702e3d-0fe5-4eb5-82e0-05e1b6c66be0",
                "273acc3a-afa4-4e8a-86cc-b0e56a960534",
                "9af1c207-4e16-4295-b027-566c9534b86d",
                "8dbfe956-065a-4322-973f-5f165b6d2eb6"
              ],
              "skipped": [],
              "duration": 11,
              "root": false,
              "rootEmpty": false,
              "_timeout": 2000
            }
          ],
          "passes": [],
          "failures": [],
          "pending": [],
          "skipped": [],
          "duration": 0,
          "root": false,
          "rootEmpty": false,
          "_timeout": 2000
        },
        {
          "uuid": "7b2a265e-163d-4c40-b725-38095bffcb3e",
          "title": "Contract Tests",
          "fullFile": "/Users/adam/OFFICE/CRYPTO/GenesysLabs/Treasury/test/test.js",
          "file": "/test/test.js",
          "beforeHooks": [],
          "afterHooks": [],
          "tests": [],
          "suites": [
            {
              "uuid": "a3233e70-88bf-40fe-9779-d5f0c0b99ea6",
              "title": "Management Functions",
              "fullFile": "/Users/adam/OFFICE/CRYPTO/GenesysLabs/Treasury/test/test.js",
              "file": "/test/test.js",
              "beforeHooks": [],
              "afterHooks": [],
              "tests": [],
              "suites": [
                {
                  "uuid": "dff358e5-86b7-434d-b67b-d190573ec273",
                  "title": "Pausing Related Transitions",
                  "fullFile": "/Users/adam/OFFICE/CRYPTO/GenesysLabs/Treasury/test/test.js",
                  "file": "/test/test.js",
                  "beforeHooks": [],
                  "afterHooks": [],
                  "tests": [
                    {
                      "title": "should only allow admin to pause when unpaused",
                      "fullTitle": "Contract Tests Management Functions Pausing Related Transitions should only allow admin to pause when unpaused",
                      "timedOut": false,
                      "duration": 0,
                      "state": "pending",
                      "speed": null,
                      "pass": false,
                      "fail": false,
                      "pending": true,
                      "context": null,
                      "code": "",
                      "err": {},
                      "uuid": "da7dbc56-dc71-4159-b0c1-dc14b8817fc5",
                      "parentUUID": "dff358e5-86b7-434d-b67b-d190573ec273",
                      "isHook": false,
                      "skipped": false
                    },
                    {
                      "title": "should only allow admin to unpause when paused",
                      "fullTitle": "Contract Tests Management Functions Pausing Related Transitions should only allow admin to unpause when paused",
                      "timedOut": false,
                      "duration": 0,
                      "state": "pending",
                      "speed": null,
                      "pass": false,
                      "fail": false,
                      "pending": true,
                      "context": null,
                      "code": "",
                      "err": {},
                      "uuid": "e14b11c1-a072-4505-88fa-75cf4eaaf98f",
                      "parentUUID": "dff358e5-86b7-434d-b67b-d190573ec273",
                      "isHook": false,
                      "skipped": false
                    },
                    {
                      "title": "should not only pausing if not admin",
                      "fullTitle": "Contract Tests Management Functions Pausing Related Transitions should not only pausing if not admin",
                      "timedOut": false,
                      "duration": 0,
                      "state": "pending",
                      "speed": null,
                      "pass": false,
                      "fail": false,
                      "pending": true,
                      "context": null,
                      "code": "",
                      "err": {},
                      "uuid": "79cd7457-7930-467d-b688-aee6ca9f27c6",
                      "parentUUID": "dff358e5-86b7-434d-b67b-d190573ec273",
                      "isHook": false,
                      "skipped": false
                    },
                    {
                      "title": "should not only unpausing if not admin",
                      "fullTitle": "Contract Tests Management Functions Pausing Related Transitions should not only unpausing if not admin",
                      "timedOut": false,
                      "duration": 0,
                      "state": "pending",
                      "speed": null,
                      "pass": false,
                      "fail": false,
                      "pending": true,
                      "context": null,
                      "code": "",
                      "err": {},
                      "uuid": "80df6960-9a37-427d-8987-5ceec25aba85",
                      "parentUUID": "dff358e5-86b7-434d-b67b-d190573ec273",
                      "isHook": false,
                      "skipped": false
                    }
                  ],
                  "suites": [],
                  "passes": [],
                  "failures": [],
                  "pending": [
                    "da7dbc56-dc71-4159-b0c1-dc14b8817fc5",
                    "e14b11c1-a072-4505-88fa-75cf4eaaf98f",
                    "79cd7457-7930-467d-b688-aee6ca9f27c6",
                    "80df6960-9a37-427d-8987-5ceec25aba85"
                  ],
                  "skipped": [],
                  "duration": 0,
                  "root": false,
                  "rootEmpty": false,
                  "_timeout": 2000
                },
                {
                  "uuid": "01189de2-bfa7-4d72-947b-00f8654134c3",
                  "title": "Admin Related Transitions",
                  "fullFile": "/Users/adam/OFFICE/CRYPTO/GenesysLabs/Treasury/test/test.js",
                  "file": "/test/test.js",
                  "beforeHooks": [],
                  "afterHooks": [],
                  "tests": [
                    {
                      "title": "should allow admin to change admin",
                      "fullTitle": "Contract Tests Management Functions Admin Related Transitions should allow admin to change admin",
                      "timedOut": false,
                      "duration": 0,
                      "state": "pending",
                      "speed": null,
                      "pass": false,
                      "fail": false,
                      "pending": true,
                      "context": null,
                      "code": "",
                      "err": {},
                      "uuid": "dd6c691f-fa22-491e-a921-4a82cea47411",
                      "parentUUID": "01189de2-bfa7-4d72-947b-00f8654134c3",
                      "isHook": false,
                      "skipped": false
                    },
                    {
                      "title": "should not allow changing admin if not admin",
                      "fullTitle": "Contract Tests Management Functions Admin Related Transitions should not allow changing admin if not admin",
                      "timedOut": false,
                      "duration": 0,
                      "state": "pending",
                      "speed": null,
                      "pass": false,
                      "fail": false,
                      "pending": true,
                      "context": null,
                      "code": "",
                      "err": {},
                      "uuid": "e3d06d86-7bc1-4033-bd0b-50707ec088e0",
                      "parentUUID": "01189de2-bfa7-4d72-947b-00f8654134c3",
                      "isHook": false,
                      "skipped": false
                    },
                    {
                      "title": "should allow admin to change company",
                      "fullTitle": "Contract Tests Management Functions Admin Related Transitions should allow admin to change company",
                      "timedOut": false,
                      "duration": 0,
                      "state": "pending",
                      "speed": null,
                      "pass": false,
                      "fail": false,
                      "pending": true,
                      "context": null,
                      "code": "",
                      "err": {},
                      "uuid": "e75b06aa-5cc6-4e00-9742-81d2f0bac32c",
                      "parentUUID": "01189de2-bfa7-4d72-947b-00f8654134c3",
                      "isHook": false,
                      "skipped": false
                    },
                    {
                      "title": "should not allow changing company if not admin",
                      "fullTitle": "Contract Tests Management Functions Admin Related Transitions should not allow changing company if not admin",
                      "timedOut": false,
                      "duration": 0,
                      "state": "pending",
                      "speed": null,
                      "pass": false,
                      "fail": false,
                      "pending": true,
                      "context": null,
                      "code": "",
                      "err": {},
                      "uuid": "027a212d-c623-4d70-8022-2556b9956923",
                      "parentUUID": "01189de2-bfa7-4d72-947b-00f8654134c3",
                      "isHook": false,
                      "skipped": false
                    }
                  ],
                  "suites": [],
                  "passes": [],
                  "failures": [],
                  "pending": [
                    "dd6c691f-fa22-491e-a921-4a82cea47411",
                    "e3d06d86-7bc1-4033-bd0b-50707ec088e0",
                    "e75b06aa-5cc6-4e00-9742-81d2f0bac32c",
                    "027a212d-c623-4d70-8022-2556b9956923"
                  ],
                  "skipped": [],
                  "duration": 0,
                  "root": false,
                  "rootEmpty": false,
                  "_timeout": 2000
                }
              ],
              "passes": [],
              "failures": [],
              "pending": [],
              "skipped": [],
              "duration": 0,
              "root": false,
              "rootEmpty": false,
              "_timeout": 2000
            }
          ],
          "passes": [],
          "failures": [],
          "pending": [],
          "skipped": [],
          "duration": 0,
          "root": false,
          "rootEmpty": false,
          "_timeout": 2000
        }
      ],
      "passes": [],
      "failures": [],
      "pending": [],
      "skipped": [],
      "duration": 0,
      "root": true,
      "rootEmpty": true,
      "_timeout": 2000
    }
  ],
  "meta": {
    "mocha": {
      "version": "8.2.1"
    },
    "mochawesome": {
      "options": {
        "quiet": true,
        "reportFilename": "mochawesome",
        "saveHtml": true,
        "saveJson": true,
        "consoleReporter": "spec",
        "useInlineDiffs": false,
        "code": true
      },
      "version": "6.2.1"
    },
    "marge": {
      "options": {
        "quiet": "true"
      },
      "version": "5.1.0"
    }
  }
}